<?xml version="1.0" encoding="UTF-8"?>
<testsuite name="de.h_da.fbi.db2.stud.CsvDataReaderTest" tests="1" skipped="0" failures="0" errors="0" timestamp="2018-05-31T19:16:41" hostname="DESKTOP-8N9S0M9" time="0.016">
  <properties/>
  <testcase name="read" classname="de.h_da.fbi.db2.stud.CsvDataReaderTest" time="0.016"/>
  <system-out><![CDATA[]]></system-out>
  <system-err><![CDATA[]]></system-err>
</testsuite>
